155 
4 396 29 99 180 
4 267 182 324 16 
4 136 117 439 264 
4 430 419 124 128 
4 5 258 34 80 
4 298 304 356 407 
4 3 433 31 162 
4 55 70 218 455 
4 292 486 39 123 
4 310 4 139 409 
4 108 193 175 147 
4 242 77 41 334 
4 350 61 278 151 
4 56 236 214 208 
4 475 95 69 387 
4 37 107 405 18 
4 198 187 274 203 
4 26 452 24 19 
4 259 121 141 91 
4 27 261 153 449 
4 307 66 484 62 
4 225 445 345 201 
4 353 283 468 138 
4 57 188 362 199 
4 160 21 195 9 
4 311 472 81 144 
4 385 467 71 277 
4 263 245 240 337 
4 282 60 52 74 
4 497 25 111 254 
4 363 376 422 32 
4 0 6 22 474 
4 424 288 359 129 
4 89 490 289 92 
4 42 279 8 85 
4 451 395 294 226 
4 204 473 266 114 
4 118 273 454 2 
4 397 221 295 320 
4 164 351 375 189 
4 1 244 51 130 
4 131 79 72 403 
4 328 360 59 462 
4 23 249 233 64 
4 450 115 100 101 
4 367 44 73 394 
4 142 365 384 492 
4 378 148 163 155 
4 30 105 166 231 
4 10 358 49 219 
4 40 67 86 377 
4 119 36 399 177 
4 112 33 269 106 
4 133 43 63 302 
4 213 172 78 53 
4 341 319 46 390 
4 20 132 135 192 
4 237 230 65 329 
4 463 392 109 400 
4 88 391 181 15 
3 104 421 161 
3 173 200 54 
3 210 431 425 
3 159 448 186 
3 126 90 437 
3 152 410 348 
3 48 13 158 
3 7 434 94 
3 98 446 300 
3 330 371 498 
3 247 149 332 
3 372 280 185 
3 183 427 443 
3 45 228 285 
3 322 347 460 
3 58 232 165 
3 87 212 412 
3 125 143 482 
3 251 432 429 
3 388 325 145 
3 68 50 169 
3 301 168 75 
3 459 14 202 
3 270 12 137 
3 113 156 178 
3 103 184 494 
3 38 17 82 
3 401 206 339 
3 326 209 174 
3 28 253 179 
3 211 238 110 
3 256 291 257 
3 296 447 207 
3 122 438 284 
3 216 308 299 
3 83 276 116 
3 293 275 268 
3 220 281 442 
3 315 84 241 
3 47 146 313 
3 76 120 444 
3 217 495 235 
3 262 127 96 
3 265 222 414 
3 239 303 499 
3 373 223 379 
3 386 297 227 
3 305 361 364 
3 102 243 316 
3 314 461 309 
3 170 323 248 
3 411 290 393 
3 306 404 321 
3 366 336 478 
3 35 317 150 
3 340 487 453 
3 491 335 406 
3 349 224 93 
3 134 11 398 
3 229 355 318 
2 250 383 
2 140 413 
2 440 97 
2 466 157 
2 343 271 
2 167 338 
2 344 352 
2 171 190 
2 272 191 
2 346 418 
2 327 435 
4 374 176 456 380 
4 465 402 194 354 
2 196 470 
2 389 436 
2 483 428 
2 312 489 
2 469 197 
2 205 154 
4 342 215 476 246 
2 496 416 
2 252 471 
2 255 286 
2 287 381 
2 357 234 
2 382 333 
4 464 260 426 370 
2 479 488 
2 331 480 
2 368 458 
2 477 408 
2 481 415 
2 493 417 
2 369 457 
2 420 485 
