1628 
4 8221 6932 5048 8241 
4 2584 6076 464 7515 
4 2275 2343 9325 6273 
4 5033 6058 6198 2160 
4 1747 4054 4402 8754 
6 6994 4390 8785 6655 8874 4694 
4 2703 6756 5133 3783 
4 9965 7313 5713 1491 
6 59 8081 1591 3239 6584 2395 
4 3988 3626 2783 3120 
4 4812 3072 1464 8401 
4 9081 1061 3092 2874 
4 5714 252 142 5815 
4 604 8702 4233 8449 
4 5473 2196 1210 2652 
4 5091 4787 973 1571 
4 4498 8407 172 6255 
6 1114 7108 5796 2598 8454 5526 
4 4287 8322 602 793 
4 9255 3673 4044 2345 
4 1702 8895 4200 8585 
6 2246 7499 5583 4711 5918 5163 
6 8287 8148 7050 8479 4977 2949 
4 5995 1404 1556 9289 
4 3795 1756 6404 8919 
4 420 49 1735 56 
6 4150 9483 6050 2671 8991 5602 
6 8167 7319 4965 5622 9765 2589 
4 3471 6206 407 6719 
4 383 3526 7177 2707 
4 5470 752 3745 1071 
4 7135 666 774 1164 
6 7202 8911 8197 1418 4240 5913 
4 471 2766 9545 8187 
6 6240 820 7725 7529 6703 575 
4 7990 9868 5657 3280 
4 5947 17 9968 2927 
4 512 4557 684 3176 
4 3149 7512 9247 3940 
4 3030 9354 5006 9256 
4 2421 3749 3203 4685 
4 2331 9614 3042 9906 
4 1737 2045 82 4041 
4 2459 7950 7819 3573 
4 3335 2036 4875 818 
6 8431 463 5357 7026 2843 723 
6 4631 328 4600 103 164 5905 
4 7433 9119 1364 4848 
6 8603 3869 3825 5476 371 9376 
4 4325 9276 2203 9959 
6 7540 998 7412 4562 7756 2687 
4 4638 6639 3308 8775 
4 1957 7210 5189 5209 
4 8770 9365 8722 8683 
4 2960 4574 2212 7094 
6 850 8644 1936 7040 6839 5121 
4 7330 5751 7744 4286 
4 7121 8384 3656 9689 
4 4406 3223 9131 2726 
6 4141 5046 3273 4367 1988 4235 
4 2638 5544 3896 3985 
4 7078 5383 8653 9366 
4 6312 132 4702 2191 
4 5416 5625 7549 3566 
6 8332 6364 1152 2489 2155 847 
4 4918 3978 9957 8578 
6 4119 7734 4598 8670 9751 540 
4 3340 2642 1202 5931 
6 2061 6097 6611 4430 7444 6735 
4 2225 7130 8863 5166 
4 1041 7825 4478 4706 
4 9576 115 8834 1224 
4 1786 5205 7255 2467 
6 9690 446 3505 2982 3475 7851 
4 297 8452 7834 110 
4 2737 1817 9795 1062 
4 9525 3583 7704 2141 
4 2946 1037 6228 2573 
4 8548 1353 636 7896 
4 180 9585 4381 1383 
6 1934 6927 7296 5090 6632 1801 
4 3857 7939 5052 8267 
6 9550 278 5904 9487 9154 201 
4 1688 6152 4038 5149 
4 5071 1720 593 8138 
4 5174 4509 1983 7579 
6 7923 5332 7713 9606 421 2485 
4 1542 8186 2274 9813 
6 2358 8437 9559 7710 7369 4917 
4 6073 1787 398 4886 
6 6184 5989 1203 3015 45 4074 
4 8301 1708 1049 1146 
4 9832 7624 4837 11 
6 9612 954 6377 8189 9976 5600 
4 2306 9691 4859 8204 
4 4490 6415 7088 5982 
6 7862 7361 8240 735 370 2094 
6 3987 4112 7922 8527 8032 2222 
6 1714 3196 2819 2305 4449 4959 
4 8432 3845 6320 8152 
4 3890 6476 9529 8465 
4 4520 1642 2875 8854 
4 9057 2545 9894 3519 
4 8776 1889 3844 773 
6 1287 1717 8233 3309 9004 6578 
6 714 2994 1248 7259 9873 1767 
4 8966 2089 4555 5250 
4 4220 3950 6870 1480 
4 9092 5793 7391 2260 
4 4844 3521 5212 4774 
4 4262 9015 8326 9129 
6 2375 3629 6565 6196 7201 7466 
4 7168 8320 9695 8058 
6 2932 936 1321 8286 2861 8094 
4 1903 8579 520 6514 
4 7097 3775 3024 9584 
6 7212 6976 4940 6170 7569 4561 
4 2554 738 2571 8101 
4 6709 2124 477 8258 
4 4925 7662 9722 8478 
4 791 4637 8859 372 
4 4199 6121 9283 8745 
4 792 9326 4185 2879 
6 7064 7090 3697 5724 8372 3750 
4 2544 9328 2096 7522 
4 4142 7724 1723 2854 
4 7215 6459 3499 4405 
4 7510 2120 9594 5389 
4 858 120 875 2548 
4 2837 5817 9286 839 
4 3868 6188 5173 780 
4 7009 8997 7643 31 
4 3027 6935 9891 8616 
4 4596 214 7489 3229 
6 5219 9566 6640 8608 7145 2340 
4 5896 8242 9719 8684 
4 1244 9534 1827 8047 
4 9019 2814 8733 8392 
4 1233 6762 5330 8650 
4 5355 5083 4473 876 
6 5013 2952 2674 9383 7796 5744 
4 9386 7320 1684 7700 
4 453 7596 8506 4670 
6 7696 5969 283 2728 3691 5231 
4 5616 9271 7863 1750 
4 37 5255 7310 2793 
6 8026 67 4318 3991 1021 5515 
4 1385 634 1812 5756 
4 4469 6668 2353 5047 
4 8502 7153 766 8707 
4 4536 2293 6300 6263 
4 5129 7978 3484 7196 
4 6315 188 9966 1975 
4 7368 5644 9620 4823 
6 8293 1388 8239 5592 8063 4135 
6 8010 3463 8865 47 8873 612 
4 6878 139 7104 3302 
4 3420 1433 2080 4151 
4 853 1073 5529 2030 
6 7937 3593 2000 7792 2590 2165 
6 1701 9341 1483 4106 2595 1492 
4 6696 4352 1822 2342 
4 7590 3228 8468 6495 
4 4177 5449 8779 4565 
4 6352 1568 5042 8116 
4 541 884 7613 2148 
4 9317 3125 683 4861 
4 321 7197 5612 6 
4 9664 2694 5131 5808 
4 2122 9528 8119 1351 
4 2744 1869 5653 7975 
4 3156 7178 2723 9307 
4 4957 4058 384 1013 
4 6380 3905 1423 5251 
4 5998 8305 2282 6017 
6 3689 7748 3842 2115 7888 2968 
4 9480 2267 532 1707 
4 6160 1429 9302 9213 
6 1729 4386 5570 6985 8736 5902 
6 336 9100 8387 6823 9818 2428 
4 4147 3617 9314 4100 
4 870 4439 3515 4176 
4 1603 3107 797 3437 
4 4652 3248 5720 8200 
4 3327 2384 9746 1440 
4 4783 5856 8648 3132 
4 3112 3135 8689 1086 
6 4527 5683 213 5214 5359 8591 
4 9382 1536 819 279 
6 3679 4244 7409 7617 5295 7740 
4 5461 81 2781 8276 
6 9569 8363 403 1509 8004 2245 
4 4166 2213 7993 1718 
4 2258 5467 8815 6248 
4 5764 1161 1322 6981 
4 84 3811 7305 6680 
4 7940 5370 456 4506 
6 6747 7525 3792 6220 7516 3155 
4 5442 9595 2418 9761 
4 8636 8965 2736 708 
6 1427 1851 7003 5494 1895 6147 
4 6219 9633 2300 6526 
4 4690 5886 7903 8767 
4 6214 8333 28 8470 
4 7208 1154 4907 6777 
6 8031 487 7583 8198 1853 7262 
4 4484 4746 1012 8977 
4 4105 3553 6133 5835 
4 7677 1471 4091 4415 
4 230 7536 7726 3096 
4 3103 4582 281 3681 
4 1640 8607 5881 6649 
4 2123 7424 753 6842 
4 846 2095 178 6506 
4 4568 4773 4524 6309 
4 3812 5865 4573 5094 
6 3781 9806 9197 2811 5772 6205 
4 8725 2912 1742 6178 
4 1628 2407 1174 1056 
4 6338 4880 2964 251 
4 5525 2167 137 6834 
4 8926 5104 6042 5869 
4 416 2575 9250 263 
4 619 5457 622 4964 
4 5572 8938 8035 9072 
4 4945 9930 1050 1339 
4 7693 5563 3104 5919 
4 2348 4179 8477 2798 
6 5778 2508 1467 6193 2344 2074 
4 9511 2499 7751 2309 
4 4916 3904 6882 4788 
4 2935 6613 7095 4619 
6 9539 9888 6297 3278 2555 4671 
6 513 4627 9275 3802 7101 8501 
4 1634 4695 4871 6557 
4 8596 24 688 3891 
4 8564 1341 1800 6356 
4 7945 203 8338 4322 
4 5664 7983 7648 4467 
4 7140 3531 9320 1552 
4 2071 1724 7824 2016 
4 3557 8654 6849 9747 
4 9372 6582 234 5850 
6 8346 5873 8639 976 5785 589 
4 1090 1677 9935 8601 
4 2067 5191 6577 6252 
4 2150 8485 7166 6656 
4 4020 9732 1734 2481 
4 4188 1361 5791 9374 
4 4090 2802 1726 9235 
6 402 3657 198 5101 6171 6677 
4 5263 1220 3167 7757 
4 3240 6713 8562 9629 
4 8219 7175 676 3089 
4 2034 7558 2809 1040 
4 897 6522 9368 3020 
4 9514 432 97 5492 
4 5945 7375 4532 6123 
6 7545 1569 5651 1877 1965 461 
4 8092 1861 6158 2535 
4 7454 3295 5593 257 
4 7972 859 1711 565 
4 7041 1115 345 5363 
6 8284 6176 8677 1740 7475 6168 
4 522 4139 8040 8839 
4 3182 9196 4208 1523 
6 6989 6827 7567 5652 1279 5211 
4 6854 280 3757 6426 
6 6419 4551 3047 5246 7995 4912 
4 2495 4736 1001 5909 
4 7413 5017 5831 4887 
4 3457 3840 2009 1704 
4 8573 7471 1681 6550 
4 2828 586 9726 6134 
4 9917 2486 931 2475 
4 8784 4892 1996 9490 
6 3114 7699 2941 9650 7936 8059 
4 6736 8472 9227 1837 
4 3317 332 1214 1160 
6 1923 6705 4359 2628 1524 3715 
4 1101 7674 3055 9871 
6 8671 5794 4004 9942 4292 6389 
4 9507 1129 4537 9866 
4 8553 4057 5378 62 
4 1254 1487 9263 9820 
6 7577 3882 594 7326 2799 4320 
4 9308 7218 4550 3379 
4 3172 4036 7911 3357 
4 7602 3678 8849 2752 
4 2206 4790 6914 4298 
4 496 9519 2705 8833 
6 8837 6342 7276 3932 1178 4808 
4 5948 9996 4224 3862 
4 9803 6988 8093 6363 
4 4816 6567 3473 5167 
4 6913 7308 1376 63 
4 1674 1865 9995 8036 
4 2727 71 3969 9714 
6 864 4202 2804 5366 8851 9626 
4 4541 4679 2887 3508 
4 5203 5427 9523 9552 
4 7646 7884 3648 1930 
4 4358 9078 8811 1205 
4 5259 3306 1946 3834 
4 3368 2697 4696 8777 
6 6956 8563 7880 1231 7671 7 
6 1587 9047 316 7344 4644 9063 
4 1863 836 5324 9192 
4 9613 5085 9014 1122 
4 58 3145 1372 44 
4 5496 5239 7927 3708 
6 962 2207 2190 8967 7267 3142 
6 1671 6553 9433 430 9618 9 
6 4131 2127 2323 6534 7543 3590 
4 7548 5341 236 5371 
4 1170 6225 1400 1564 
6 1369 1874 9527 8823 3618 2228 
4 1280 313 9649 160 
4 3483 4043 9252 2718 
4 5032 7683 5824 7356 
4 9847 2795 8923 3887 
4 3244 4894 4579 5845 
6 3272 2944 1096 5498 2509 9864 
4 1094 8990 5577 6638 
4 9124 65 4863 3694 
4 5554 8898 4613 8172 
4 6444 4435 9094 6835 
4 2815 2488 2280 9843 
6 5278 1228 61 4521 6782 8947 
4 5532 7752 3885 3023 
4 451 7290 7057 6129 
4 1560 55 6809 3892 
4 7571 2872 6560 4949 
4 7227 4107 9458 5235 
4 4194 3655 4655 7850 
4 5968 4578 7606 5340 
4 9195 5941 8652 3022 
4 7872 2765 3853 2265 
4 1117 2749 4727 778 
4 7236 6984 2456 4284 
6 6477 727 960 2297 2957 3736 
6 9986 3877 5920 3126 8375 7542 
4 894 1296 5986 4230 
6 9128 2043 9152 7823 6571 7494 
4 6921 5702 7914 4357 
4 932 8259 7318 6636 
4 6094 3730 6107 9295 
4 2056 204 7565 1538 
6 7155 9578 245 1010 1004 7934 
4 112 2922 4636 6010 
4 2117 4960 7881 2558 
4 6633 2484 834 3498 
4 7070 8597 86 5939 
4 5708 554 5671 6463 
4 6940 4088 4659 5136 
6 9446 1761 9086 6332 4607 3647 
4 9648 8876 1888 4983 
4 9784 7148 7961 1963 
4 8803 8079 674 7659 
4 9532 7557 3170 3966 
4 3797 6616 8571 482 
4 7865 2939 6102 1106 
4 4829 2751 1650 6528 
6 2308 4870 6095 1561 7953 2070 
4 46 7785 1199 9418 
4 1476 1494 9151 7359 
4 9201 4942 7204 3942 
4 3270 8215 9425 7152 
4 8291 6483 465 3242 
4 8868 323 2536 2759 
4 123 6231 4079 5879 
4 4095 6110 7439 3012 
4 3387 9908 253 6492 
6 4874 5769 3605 8003 2870 5773 
4 1430 2295 4867 6015 
4 6039 7917 5007 1221 
4 5898 9166 2942 1529 
4 7079 6270 4475 835 
6 8659 9922 3293 8509 5156 2226 
6 4748 8568 2632 9877 2126 4768 
4 1468 189 5086 6016 
4 9305 5028 6938 4355 
6 6602 4572 885 9736 7703 6060 
4 8685 6605 3822 1396 
4 4432 7249 6180 5849 
6 2064 3544 8176 6742 9684 8028 
4 6779 3431 7289 2836 
4 8551 6144 3364 5699 
4 784 9471 3137 2731 
4 4215 3161 5329 229 
4 2841 7008 1713 7172 
4 197 756 7642 9106 
4 7595 6693 9111 2162 
4 758 1751 5523 2911 
4 9836 8314 2023 7253 
4 3235 5266 9767 7423 
4 7836 9605 83 8397 
4 8558 8115 8141 9680 
4 6367 8199 343 6381 
4 8964 3083 2461 5172 
6 7907 8692 3376 3511 3028 1948 
4 7673 7984 1883 8915 
4 9730 6498 6645 9946 
4 1935 760 8870 6137 
4 915 2198 5962 9713 
4 3481 335 22 9121 
4 2313 8901 9856 8641 
4 1139 8143 23 3791 
4 6772 6600 4514 5514 
4 5500 6757 4156 7803 
4 7395 5077 7532 6197 
4 5060 4933 7451 3518 
4 8393 441 3698 949 
4 9419 7647 6965 5839 
4 4822 9299 9443 3226 
4 5038 1554 955 673 
4 8061 7136 9336 5864 
4 5063 1694 1866 9375 
4 9562 3262 728 1937 
4 1422 1833 8572 1532 
4 851 6028 8986 4804 
4 8213 6912 8507 9543 
6 6547 9042 2862 1621 3870 4167 
4 3761 4522 2008 3765 
4 6243 5132 8609 7198 
6 1085 1081 4480 9038 2776 4723 
4 7551 9755 6052 6370 
4 9988 2134 3973 7408 
6 3001 854 2634 1892 767 5207 
4 2610 648 7678 559 
6 5001 877 1130 240 9887 1820 
4 1246 7902 7274 7103 
6 6595 6034 4657 3253 2686 4767 
4 8862 9363 4419 1876 
4 7768 3692 5627 3146 
4 1998 6264 3607 4442 
6 1884 6957 2907 5310 4387 8612 
4 9884 4434 9785 287 
4 3444 8780 4975 7238 
4 5477 6733 4814 5024 
4 5547 5908 3029 9022 
4 782 480 2937 6959 
4 3684 9214 5649 990 
4 3674 3911 3134 8721 
4 2684 7013 5991 6053 
4 6820 8759 6353 1336 
4 9104 171 7629 6740 
4 3841 4879 3899 4771 
6 7100 5041 211 5559 8253 2905 
4 1323 6421 4399 5443 
4 3779 2950 6012 9029 
4 9005 3123 6540 4798 
4 5551 2237 6326 1695 
4 2042 656 4066 2577 
6 7440 4913 6185 7653 2771 159 
4 7555 1636 2962 1955 
4 6662 5482 6203 9895 
4 3355 7024 7500 6666 
4 9973 7753 7809 8376 
6 5082 2320 7209 3050 948 8487 
4 4109 6430 4031 8423 
4 5540 3997 7534 2920 
4 8907 5081 4617 2047 
4 3913 9880 7944 4293 
4 711 7032 3559 9849 
4 5325 4734 3375 9075 
4 1821 5741 970 1845 
4 2794 1609 9752 9779 
4 5316 4046 9414 9068 
4 4796 6396 5854 4511 
4 2619 8808 4361 5118 
6 5609 898 2364 3513 6537 4640 
6 6721 2398 4961 9243 3746 5513 
4 4071 1527 8889 556 
4 1044 443 9407 4 
4 9340 3258 7715 473 
4 2641 9853 346 7694 
4 8838 8348 4946 3677 
4 1151 5462 3704 2232 
6 7385 1124 8168 5061 5686 4951 
4 8315 7074 8297 6149 
4 1253 902 9453 924 
4 6174 3906 2112 8900 
4 523 7190 9338 5240 
4 7721 4995 9016 3889 
4 3298 7581 7176 8447 
4 5014 9272 2529 6366 
4 2780 458 5872 1330 
4 8696 7223 5336 4605 
4 5146 8651 1116 2221 
4 6954 9667 3085 3209 
4 6826 2730 1510 2055 
4 8740 7821 5020 2647 
4 4076 39 5579 4989 
4 4374 5446 3564 4363 
4 6302 3324 467 227 
4 7556 729 2762 4792 
4 1311 3496 4635 9426 
4 1533 7876 3261 8682 
4 4124 3127 8516 800 
4 4260 2954 3884 844 
4 5621 1378 151 2091 
4 1444 9892 613 413 
4 3294 3037 2566 1847 
4 6126 6558 9542 7627 
6 479 9491 4019 5019 2422 2668 
6 6384 3075 4307 887 709 9431 
4 8877 5777 1505 2164 
4 8131 4064 7814 4351 
6 654 7631 6627 9091 1743 923 
4 895 4238 6316 6253 
6 5488 8750 149 3212 359 8529 
4 43 3329 5619 18 
6 4883 8316 6146 8766 7083 1806 
6 1643 1646 6006 2169 3416 7382 
4 947 1653 8625 208 
4 9267 6685 9900 3728 
4 1698 4474 3396 1807 
4 2276 3654 9329 193 
4 5774 3956 5125 1371 
6 1268 9502 3898 2427 7221 2333 
4 5732 5614 5257 2601 
4 6008 4943 2506 196 
4 971 3233 3561 4703 
4 8463 9361 4259 6446 
4 8519 8383 9312 9890 
4 6403 9987 1140 1200 
6 6724 8614 3686 9221 3579 7426 
4 4678 8068 1649 8879 
6 177 8956 6208 8163 9198 6857 
6 8430 6215 474 6467 4847 4137 
4 9499 3337 3895 5327 
4 3839 1526 2307 170 
4 6752 8940 8711 2585 
4 8208 827 2235 2892 
6 3672 6531 9390 290 1570 2627 
4 7184 8491 8821 1839 
4 9053 5916 4055 8701 
4 646 6812 9862 131 
4 1230 8637 801 3893 
4 8108 9246 1589 2490 
6 4592 3793 5599 7447 4456 2085 
4 956 4688 2259 7618 
4 5878 639 6681 8814 
4 3837 5557 4495 4720 
6 373 9182 9599 9921 4935 9048 
4 1719 3011 8822 3371 
4 967 9450 6026 7807 
4 1256 5553 2351 597 
6 2612 9848 9568 156 8202 903 
4 3897 572 4009 3017 
4 9466 1953 687 9530 
4 8658 2713 3334 5628 
4 7393 5803 4308 1359 
4 6722 2137 3587 2567 
6 7384 7981 333 6846 5096 8250 
4 5788 2711 9978 8697 
4 7835 5466 562 3339 
4 2249 1765 3362 992 
6 5728 5074 206 3332 534 6436 
4 4102 7943 8325 8752 
4 2269 4595 6596 2081 
4 5970 7436 7530 825 
4 1893 9745 1426 4856 
4 9835 4990 3257 210 
4 3529 5237 144 2335 
4 3632 8310 3485 5899 
4 3959 7407 6226 6811 
6 1551 1277 9778 4311 745 8751 
4 2680 7818 7804 5170 
4 9385 3356 1976 9168 
4 701 2466 8435 3422 
6 8918 1409 8894 3608 8617 4093 
6 3451 4750 9597 867 1763 6096 
4 9699 5776 1382 9165 
4 1595 4717 3344 926 
4 8302 1994 8534 8954 
4 2243 6471 2329 7594 
4 7109 5672 4604 9344 
4 9572 4052 909 3808 
4 6439 2603 2279 6669 
4 997 483 9876 4724 
4 2542 226 2136 1768 
4 9710 4267 5907 6087 
4 5503 628 4716 7069 
3 585 706 5522 
3 350 4407 8567 
3 6313 4126 152 
3 6460 7841 2956 
5 4477 7692 719 4161 1898 
3 8544 2817 2859 
5 6580 5517 7875 6702 9096 
3 9157 3924 1450 
3 4830 96 5035 
3 6103 8726 5244 
5 3062 3983 9218 5813 6266 
5 2011 9799 3214 8929 1673 
5 8626 5536 296 2572 2026 
3 9137 6132 2746 
5 2462 3972 6038 8632 1627 
3 4585 7206 5584 
3 9032 1744 8987 
3 8932 9123 7286 
3 8434 9183 2159 
3 8908 3188 3106 
3 9318 8165 5624 
3 8613 3330 8220 
3 8699 7363 908 
3 3546 6741 9863 
5 9588 33 8537 7445 1559 
5 1593 8442 1347 8193 6306 
3 816 9846 7406 
3 7007 5362 3438 
3 5233 9008 9083 
3 2616 5574 7258 
3 6257 6516 428 
3 7496 6213 4914 
5 1699 5277 7868 5548 8866 
3 4101 2987 937 
3 3271 6856 995 
5 9974 7036 4011 3555 2401 
3 6232 8960 7600 
5 3912 7065 1234 3828 9274 
3 8453 1980 13 
3 2672 7443 9993 
3 1665 4197 3543 
3 8021 289 3052 
3 8201 8009 4588 
3 2631 404 4491 
3 5705 5730 9907 
3 8367 6127 2101 
3 1730 5589 8618 
3 4331 307 9350 
3 6454 1793 9882 
3 3281 7920 4078 
3 179 4328 635 
3 6494 6189 899 
3 9337 9670 2390 
5 7151 8665 1830 6738 8760 
3 7560 7742 7736 
3 1945 3744 889 
3 5710 301 145 
3 6770 9962 8229 
3 2592 3509 804 
3 6884 3621 4340 
3 5335 9561 4567 
3 9971 5375 8353 
3 984 8731 9564 
3 4821 596 9802 
3 6726 3504 6361 
3 2735 7316 3769 
3 2990 2179 111 
3 4370 6630 7791 
3 9776 7759 209 
3 8019 4030 5832 
3 2741 124 4668 
3 7387 8328 6329 
3 3031 2546 5556 
3 6044 9682 5883 
5 87 8388 8714 9122 9210 
3 4609 1809 8180 
3 9228 9456 8299 
3 6336 9961 8456 
5 4249 6450 5197 4639 5891 
3 578 6202 6590 
3 9759 7397 362 
3 1601 9143 4904 
3 7588 730 1598 
3 4656 2337 7231 
3 1656 3412 8161 
3 4493 8179 6051 
3 1023 1406 5615 
3 8864 9413 1209 
3 1766 491 6939 
3 2219 2661 7170 
5 7778 2024 8382 4857 2106 
3 4811 8056 4248 
3 1344 757 7464 
5 395 1606 9828 4649 1886 
3 4257 2420 5665 
3 8730 9679 6960 
3 4013 9282 1479 
3 219 4222 1522 
3 3366 5155 7895 
3 437 4661 7463 
3 3367 4731 3718 
3 1038 1840 608 
3 862 7230 10 
3 1620 405 514 
3 896 4504 4801 
3 9133 2149 5606 
3 8418 1819 3914 
5 9952 7118 6296 8746 4226 
5 1616 3926 1978 4692 9797 
3 5161 3445 5663 
3 26 7861 8114 
3 7087 5729 3428 
3 174 717 1132 
5 9265 3888 3480 5733 1357 
3 5966 802 645 
3 8484 9105 7149 
3 7658 1484 5901 
5 9624 1260 6778 5236 6025 
3 7452 8268 1499 
5 1683 60 4221 6155 2716 
5 7970 4884 8183 385 7248 
5 1282 1133 3 8606 3246 
3 6620 3980 6261 
3 6628 6731 1226 
3 5313 2732 147 
3 7949 1192 6583 
3 2301 9571 8836 
5 5823 6111 173 2538 2405 
3 4559 5758 7480 
3 4547 2712 6311 
3 8177 7870 3402 
3 4854 6925 2881 
5 3173 8712 703 631 6443 
3 6832 1678 1755 
5 6289 590 642 1584 5181 
3 6769 9920 8673 
3 8072 9575 9098 
3 6801 5441 2898 
5 5058 268 2125 6623 1453 
5 9678 3743 4516 9635 6078 
5 7764 3516 3944 2020 4394 
3 9093 5731 9468 
3 4339 3099 5168 
3 7086 6637 6581 
5 2241 1159 6451 2202 3875 
3 1331 8134 7603 
3 3958 1249 7400 
5 5308 691 7980 8824 3945 
3 4014 1201 781 
5 7430 4839 3615 1340 1120 
3 6162 2803 7815 
3 5258 457 5056 
3 469 2157 2378 
3 2310 6953 4950 
3 3009 1535 7150 
5 1512 4217 7770 7309 6466 
3 764 6035 5906 
5 8355 358 9043 8715 842 
3 6481 1856 7509 
3 7912 5487 85 
3 8084 1318 9230 
3 5004 1562 8845 
3 2189 6229 737 
3 7431 3153 1943 
3 4704 9464 2046 
3 186 2563 7889 
5 4902 7434 489 6036 7632 
3 3937 1788 8344 
3 5921 921 529 
5 6614 3721 4877 3002 5097 
5 6922 2215 3322 7250 8133 
3 2268 8560 3902 
3 2041 9603 3312 
5 6351 3860 5418 1136 3276 
3 8629 1194 4926 
3 5465 8097 7813 
3 8007 5800 6480 
3 1313 8466 9637 
3 6410 70 7415 
3 7131 1774 3563 
3 7469 6844 6674 
3 1403 7119 5343 
5 2060 3087 9748 8978 1332 
3 8706 9173 361 
3 3039 530 9248 
5 9852 146 379 2772 6002 
3 6934 7460 7544 
3 6411 2152 525 
3 6604 5380 8135 
3 3951 2516 6784 
3 6728 3773 8737 
5 6794 9879 6405 7105 4979 
3 1891 8524 6517 
3 3772 4335 5980 
3 3908 9264 305 
3 2913 1445 9135 
3 9202 2621 7541 
3 3947 1080 5106 
3 9944 264 4818 
3 6818 2985 1904 
3 9294 1502 8340 
3 1585 1485 9323 
5 1266 4939 1648 4164 4786 
3 5585 6223 3506 
5 3175 8118 5870 2873 7222 
5 2604 6715 3318 5518 6387 
3 5715 392 1679 
3 7856 9013 7951 
3 2829 2683 3299 
5 6256 8336 5875 5530 7877 
3 3830 4953 3323 
3 7315 5472 2033 
3 811 9062 8264 
3 8835 6448 4187 
3 9801 7228 4651 
3 5044 511 150 
3 3165 5206 1047 
3 3486 7374 5958 
3 5709 6952 533 
3 8809 1020 7971 
3 4633 9896 7461 
5 1908 3386 8576 4650 8252 
3 6978 7852 1015 
3 5955 6118 78 
3 9489 9631 8931 
5 4865 1922 3200 5981 9538 
3 2903 2649 4206 
3 7378 8206 5253 
3 3542 6457 9380 
5 5992 6761 5040 7777 6574 
3 7609 675 2775 
5 9741 2929 9269 9583 1762 
3 5645 8801 9549 
5 5171 9181 8132 9398 900 
3 5620 7252 2368 
3 6359 3883 2410 
3 8763 221 1381 
3 7919 2389 4245 
3 5963 750 8643 
5 4097 2565 7634 218 9397 
3 2346 3105 8985 
3 7346 500 6275 
3 3789 4549 2185 
3 2600 3136 4689 
3 6490 3131 6046 
3 5668 4026 4047 
5 7964 4669 6824 5566 9429 
3 929 7362 69 
3 9232 8500 431 
3 1258 3443 7786 
3 1193 2278 3747 
3 9359 9225 1959 
3 5469 7957 6075 
3 225 9546 8027 
3 8710 8541 9060 
3 5780 4653 414 
3 8334 6569 7037 
3 1896 6792 1295 
3 3804 7554 6148 
3 6204 3274 7281 
3 8855 9220 740 
5 6744 1810 6414 9556 7610 
3 1696 9742 425 
3 8927 391 1549 
5 4264 6915 2692 2022 1586 
3 2806 4400 8727 
3 577 9097 6478 
3 2615 4488 6659 
5 3347 1928 9580 6022 615 
3 6287 7134 1615 
3 9983 8543 9406 
5 1118 3806 3491 7278 2072 
5 300 8210 3038 5190 6796 
3 2842 8263 9187 
5 7043 2758 2578 7194 4663 
3 6876 4092 4922 
5 1712 6112 1519 2464 4611 
3 5943 1184 0 
3 1858 9830 2835 
3 8946 2891 3265 
3 40 1137 5451 
5 462 1796 1166 396 9602 
5 9709 3517 7357 6161 5812 
3 3305 4641 288 
3 4263 4929 5400 
5 7302 4398 2852 9656 7399 
3 122 5568 9011 
3 356 9737 1632 
3 393 8398 9526 
3 2048 8462 8412 
3 9734 5721 3381 
3 4317 4997 6576 
3 9457 1496 893 
5 6676 1912 3665 4766 4662 
3 27 5558 7666 
3 9356 9651 5613 
3 9791 9675 6524 
3 1961 7733 1507 
3 5460 1261 919 
3 30 3651 2608 
3 8 5356 8413 
3 2322 2025 1181 
3 3410 6425 4060 
5 3596 5128 7789 7091 9222 
3 376 1393 6307 
3 1659 8085 2386 
3 7347 2996 6529 
3 6157 8903 2002 
3 3670 2082 3866 
3 7075 8238 4337 
5 1501 5271 3641 2435 7219 
5 2999 3076 406 7826 2977 
5 3540 2848 6340 8861 7163 
5 7220 2451 5994 5158 9703 
3 8196 2786 1610 
3 7839 7457 7656 
3 6005 6003 8426 
3 7275 4725 6963 
3 821 4972 1206 
5 6648 3558 2184 916 4882 
3 9309 4410 698 
3 2394 2808 7931 
5 3582 3818 6664 4502 7855 
3 7501 5643 3636 
3 9724 5972 7273 
3 7956 4470 9238 
3 6635 7132 3353 
3 1250 136 1668 
3 6221 7367 5903 
3 843 365 7186 
5 6350 2388 2629 4834 7805 
5 9270 2959 2709 3343 8440 
3 1690 4312 4932 
3 644 5848 3211 
3 8656 4482 1952 
3 6618 1284 3536 
5 2277 5368 9114 2424 1046 
5 5471 2240 8150 3129 6864 
3 1275 7812 550 
3 2547 2633 7845 
3 3304 4966 610 
5 7586 5633 2560 8256 4664 
3 4412 4994 9984 
3 1411 1508 9482 
3 2400 8810 3110 
3 2553 1951 2827 
3 6873 5531 6125 
3 9927 9617 7488 
3 9049 4375 1157 
5 7321 9241 4134 3671 2432 
3 9102 6023 3849 
3 1168 3903 2294 
5 5401 769 7518 5474 8981 
5 9002 6090 9718 2399 5771 
3 4207 1846 6508 
5 8955 7524 5275 8804 4172 
5 8001 8277 2824 7954 6944 
3 8127 7731 9332 
3 5157 2038 8429 
5 6177 217 8342 4291 9205 
3 4553 5763 3595 
3 8667 8067 4777 
3 5770 8309 7432 
5 9769 6500 8000 1574 4646 
3 563 6881 5268 
3 166 6391 2447 
3 5797 7018 6822 
3 4089 8897 9659 
3 9396 3213 1227 
3 6972 7743 7010 
3 5806 3124 7966 
3 9459 9838 3311 
3 7345 4330 8282 
3 8789 2254 7758 
3 2457 2324 6692 
3 9028 6479 2210 
5 3414 7592 6973 5586 1843 
3 1939 1138 117 
3 848 2129 4000 
5 8153 3370 8244 6328 5208 
5 3060 640 568 7697 3297 
3 8594 6990 7017 
3 318 6288 4910 
5 7664 5073 293 1778 5863 
3 3044 7781 7138 
3 8577 1534 3108 
3 2437 5478 6192 
5 1700 3292 1197 2886 9161 
3 4342 2328 7055 
3 614 4372 8675 
5 1475 5505 303 4632 5489 
5 7419 5026 5279 9280 8129 
3 7668 2296 148 
5 7113 5682 5238 6961 8540 
3 4170 6175 6897 
3 8171 4193 8853 
3 7506 3266 8593 
3 4962 1870 8298 
5 8498 3838 5098 7490 611 
3 202 4718 2083 
3 7985 1099 8044 
3 2596 4163 1971 
3 5830 6527 9711 
3 8366 6651 6237 
3 4697 8136 6948 
3 8971 5752 5397 
3 1079 8875 1639 
3 1 6924 5067 
3 9940 2281 3567 
3 4705 1288 270 
5 68 8139 1111 620 6331 
3 6083 9223 3385 
3 1103 7802 2138 
3 5662 4099 9972 
3 5413 4858 1036 
3 9300 4376 2888 
3 912 411 3174 
3 1990 4525 8525 
3 4411 3724 3620 
3 2774 2883 8638 
3 7559 4898 860 
3 1590 739 4958 
3 3809 128 1179 
3 9447 76 304 
5 6585 6843 868 4534 9346 
5 5610 4143 4982 3949 4428 
3 8800 409 2782 
3 433 1844 2877 
5 6280 5144 5742 8425 9134 
3 3199 5234 7663 
3 7335 6652 3088 
3 5836 6964 2444 
3 9009 349 1031 
3 1631 3059 6365 
3 7264 4094 3097 
3 448 9036 8080 
3 215 4461 5900 
3 5164 8842 2702 
3 6786 3984 8753 
3 1297 7251 7183 
3 1506 8203 4992 
3 6814 1789 6187 
3 6432 195 1059 
5 8015 8679 459 5950 7386 
3 4726 6063 6233 
3 5481 1669 7521 
5 6673 7019 1731 2220 9573 
3 9395 6868 8791 
3 8096 3026 2664 
3 5630 5302 829 
3 2216 4173 5897 
3 5254 8640 9638 
3 6064 7116 5611 
3 9666 968 5539 
3 8795 8570 2382 
5 6739 4116 7729 7633 8464 
3 4675 2582 8043 
3 2367 6700 1316 
3 5877 9044 2747 
5 5178 312 2006 258 1100 
5 7689 9215 1172 1705 3916 
5 1754 4496 8037 5895 6244 
3 5328 5426 9716 
3 9855 7048 2381 
3 1503 1452 1932 
3 2163 3401 337 
5 1292 2007 4452 7031 7991 
5 2242 6727 7675 8380 8756 
5 579 2463 1009 260 7526 
5 9251 1027 516 3933 415 
3 2645 6473 8222 
3 3358 1477 9929 
3 7123 7960 6901 
3 4963 7365 2201 
3 700 8365 6319 
3 4799 3466 8559 
3 4241 7607 3497 
3 7800 2402 5122 
3 6626 9087 9870 
3 445 9089 6551 
5 1333 4742 8797 7459 3527 
3 8122 153 3523 
3 4458 7060 8011 
3 3021 4969 5373 
3 7076 3748 3425 
3 9051 7929 2591 
3 7279 2472 4104 
3 2230 2564 1074 
3 5066 3570 1270 
3 6314 5422 2288 
3 6520 849 6723 
3 5151 1208 5023 
5 5727 3894 6246 5694 6541 
3 715 1799 4392 
5 1933 2556 1302 3635 2586 
5 7969 6800 6242 9701 2303 
3 1985 5550 7959 
3 8381 6559 5954 
3 6708 7830 538 
3 3046 1987 7962 
3 3610 3449 2951 
3 7216 9977 5379 
5 8247 3581 725 840 1180 
3 9116 1135 9910 
3 2168 3817 4333 
3 3447 8455 1424 
5 3939 2570 8569 2480 2059 
3 2057 8006 2520 
3 7189 7832 9524 
3 9428 2924 2334 
3 5140 9140 6851 
5 678 2541 1167 6472 2412 
3 1825 439 3863 
3 4214 814 1029 
3 1613 1575 9333 
3 4489 7129 7899 
3 8123 4758 2754 
3 2656 2357 8610 
3 5915 6009 671 
5 7686 8732 5183 9085 7727 
3 627 3541 866 
3 8914 3493 977 
3 2223 2062 972 
3 2170 8160 2514 
5 5198 3121 7514 9031 6902 
5 4468 4508 4501 1783 157 
3 8318 6321 3927 
3 8460 7695 9172 
3 5274 9844 2492 
3 3993 9807 9721 
3 7233 1416 5534 
3 2087 1618 1488 
3 8812 8857 7847 
3 7244 6484 2757 
3 7913 2173 1521 
3 759 4001 5860 
3 7483 8984 9474 
3 3300 934 7481 
3 3461 7410 3539 
4 2531 9486 7085 935 
2 9600 1897 
2 2387 1235 
4 3798 6077 6210 2550 
2 9484 9557 
4 8461 4290 5245 8493 
2 3201 4708 
2 1736 9261 
2 2868 1187 
2 104 2144 
4 2785 863 2102 9771 
2 3760 6966 
4 4775 3922 4211 32 
2 389 5333 
2 6165 4634 
4 9394 8356 6803 6962 
2 6904 9260 
2 2663 4791 
2 5595 7878 
2 2053 2769 
2 1358 7827 
2 3238 4591 
4 6862 1127 4069 6245 
4 5632 4623 6766 4155 
2 2587 7965 
2 9905 2583 
2 3268 3547 
2 7708 9812 
4 5265 2953 1084 5387 
2 4301 5051 
2 3289 1271 
2 4586 7479 
4 8517 8379 9608 3313 
2 3102 1781 
2 5555 9770 
2 3411 1516 
4 6828 1583 5511 355 
2 957 7179 
2 8266 2010 
2 5631 605 
2 6475 8686 
2 4219 3331 
2 5676 9720 
4 1329 2673 4855 4554 
4 8647 7614 7425 3696 
2 6345 8886 
2 857 8828 
2 4103 3639 
2 9437 3685 
2 6725 1237 
2 118 8062 
2 2130 2770 
2 5607 8941 
4 6093 9885 901 5666 
2 1504 3442 
2 649 6545 
4 7622 450 8793 3263 
2 6199 2498 
2 5638 8415 
2 3439 2193 
2 3578 5177 
2 7127 3878 
2 9136 5912 
4 4760 4691 7766 2373 
4 2527 5719 3408 8734 
2 6277 2889 
4 4911 143 1286 3352 
2 1076 9694 
2 6258 417 
2 547 7531 
4 7077 6294 9647 9149 
4 7059 669 1899 7994 
4 9858 1298 4906 8089 
2 7628 5820 
2 7801 6284 
4 8930 7640 8409 133 
2 7180 689 
4 4986 3611 9692 6890 
4 7187 6852 4851 9901 
2 1442 4288 
4 5853 53 4136 1283 
4 7314 7828 1867 9773 
4 4558 1335 5882 8996 
2 4566 2075 
4 5429 3530 2068 5594 
4 969 7047 4616 9311 
2 8272 249 
2 308 9158 
2 8499 3259 
4 4529 9189 6452 9186 
2 2934 828 
2 6407 5346 
2 1614 8159 
4 7507 1654 8212 2442 
4 986 1979 7416 5834 
2 4086 4388 
2 9955 3316 
2 1386 6510 
2 6420 4981 
2 2264 1517 
2 718 2931 
2 982 2417 
4 1868 8303 4826 3141 
2 8729 2205 
2 8806 6304 
2 9021 6513 
4 2805 6920 2143 1259 
4 2983 2807 4149 444 
2 1319 3058 
2 9488 3474 
4 8257 9035 16 2825 
2 1470 20 
2 9923 7561 
2 5072 8975 
2 8251 1447 
2 1566 9744 
2 883 5213 
4 6544 6942 38 6631 
2 1967 3941 
2 5598 5409 
4 9582 5833 1514 2234 
2 8184 2993 
2 5284 5252 
2 4451 7849 
2 5753 4667 
2 1626 693 
2 2738 7745 
2 299 6428 
2 6468 5736 
2 8018 3394 
2 7572 3712 
2 7235 6917 
2 6903 5391 
4 199 4344 6291 4314 
2 1811 6018 
2 4228 9234 
2 6699 6074 
4 4747 9655 9590 4630 
4 4464 4479 2483 8486 
4 4546 7388 388 5745 
2 3147 2298 
2 7963 168 
4 8438 2105 643 8410 
4 5045 4625 6805 7761 
2 4336 3756 
4 2518 4016 5951 6675 
2 5926 881 
2 2646 6993 
4 7616 8411 325 5837 
4 5508 8441 2533 621 
2 2670 3880 
2 1092 1836 
2 2669 9985 
2 7084 5463 
2 2991 7706 
2 2338 6323 
2 4996 1207 
2 8599 1849 
4 7332 5059 1993 6629 
2 999 9964 
4 6947 9958 4465 7237 
2 3395 4648 
2 4059 5134 
2 1857 8109 
4 4279 9003 5323 8556 
2 261 9193 
2 6104 7833 
4 2376 9162 5276 7340 
2 3814 6308 
4 4841 3476 3810 3664 
2 3389 5361 
2 9604 9535 
2 9452 6371 
2 5220 4440 
2 2028 7578 
2 5799 1439 
2 3004 4843 
4 8872 435 7906 200 
4 4840 2980 4621 823 
4 1638 502 6504 9768 
2 2019 9859 
4 3584 4518 6357 8273 
2 5596 4714 
2 8137 6085 
2 7283 7924 
2 7580 652 
2 4687 9686 
2 4931 4445 
4 7672 4713 7550 1958 
4 3502 5175 8950 3482 
2 8909 6533 
2 9950 5055 
2 57 1969 
2 545 6671 
4 6799 207 8994 1909 
2 8642 2439 
2 2330 1777 
2 3930 7788 
4 8232 3645 2065 1462 
2 6609 1929 
4 7874 7343 7081 9931 
2 5458 3254 
4 4564 633 1134 9065 
2 8066 5100 
4 3879 8633 5944 9179 
4 5578 9313 6607 1611 
2 9540 3191 
2 6698 2722 
2 9141 2050 
4 7371 2685 7898 3220 
4 121 9200 7741 8103 
2 8329 6859 
2 341 930 
4 7938 1305 1624 8663 
2 9787 4842 
2 2906 978 
2 8728 3333 
2 6398 7864 
4 6222 8289 2326 5698 
2 3061 9073 
2 8963 2899 
4 1581 183 4899 2978 
2 408 2469 
2 5126 4441 
2 5444 726 
2 3990 6068 
2 3957 8533 
4 1775 241 2789 7418 
2 9150 8045 
2 7794 8970 
4 2676 8419 4487 4371 
2 6749 2423 
2 5080 3782 
2 1039 3256 
4 4535 8539 7093 4538 
2 1276 9883 
2 8359 161 
2 5385 4599 
2 6283 7102 
4 2579 9553 6563 6040 
2 9611 9522 
2 6916 8209 
2 9740 571 
2 5285 6617 
2 8590 1814 
4 468 9533 7329 7547 
2 6378 4285 
4 1661 2532 5043 3824 
2 7056 9861 
2 2304 9749 
2 9819 9159 
4 5917 6234 2186 7502 
2 8910 6114 
2 1709 3965 
4 6499 34 5829 1728 
2 6435 1377 
2 1758 845 
2 796 4810 
2 5825 4255 
2 9334 6154 
4 3705 7795 8142 2199 
2 7080 12 
2 9310 108 
2 6804 3467 
4 4273 7474 2018 8223 
2 6774 9636 
4 8110 422 8952 3936 
2 4231 2227 
2 3803 650 
4 1054 4845 9475 1131 
2 4860 7948 
2 292 1165 
4 2500 9941 8645 789 
2 9434 1917 
4 1188 1045 3917 3267 
2 4838 5512 
2 1093 185 
4 4426 101 9400 9810 
2 8768 6999 
2 9565 8304 
2 8024 4065 
4 1043 8086 3859 576 
2 8622 3325 
2 6701 9775 
2 5210 412 
4 5804 9660 2318 2773 
2 3372 1686 
4 7491 3717 7553 2502 
2 7071 8778 
4 3207 3787 3301 6586 
2 8469 401 
4 4980 9209 2549 7793 
2 3663 5957 
2 347 7608 
2 8292 5148 
4 7859 184 7669 5215 
4 7117 3495 348 3178 
2 9436 3623 
4 5959 1992 651 1105 
2 9204 6412 
2 3216 865 
4 5641 7217 8592 2750 
2 1752 5617 
2 8490 1399 
4 1002 2858 6301 5200 
4 4660 659 1716 1461 
2 472 8374 
2 8744 558 
2 5289 7883 
2 928 3612 
2 5315 8144 
2 8957 3700 
4 5807 872 273 3580 
2 9497 5533 
4 7842 1299 5345 5439 
2 4068 1110 
2 7871 8883 
2 685 419 
2 1065 582 
4 3807 1063 8117 5424 
2 3682 1022 
4 2543 6743 6592 953 
4 7247 3785 5299 4544 
2 6119 9257 
2 2945 3086 
2 6274 5182 
4 8347 493 8773 3788 
2 625 1850 
2 2453 9281 
2 5187 1149 
2 9878 7268 
2 354 4676 
2 7261 5111 
2 3920 4833 
4 7096 3073 7564 1880 
2 9399 9592 
4 3341 1469 8166 3469 
2 94 695 
2 1356 5453 
2 4948 2900 
4 9148 2393 4447 8546 
2 5280 8248 
2 2029 7667 
4 182 291 1546 7523 
4 6409 2756 9754 3008 
2 8757 4832 
2 8321 2311 
4 1350 6887 6720 4195 
4 618 9301 3719 8545 
2 1119 4890 
2 5779 3154 
4 250 690 8595 7493 
2 9421 3929 
2 8444 6497 
4 5658 2715 302 6130 
2 14 8530 
2 4827 1770 
4 1753 9948 507 191 
4 3720 7717 7684 3290 
4 7033 8164 1745 7092 
2 2093 4403 
2 3923 6269 
4 5342 6612 7005 3935 
2 3048 2733 
2 1123 1216 
2 5110 7688 
4 6831 7015 5754 163 
2 7014 9342 
4 2884 4393 886 2289 
4 8742 3753 7636 9932 
2 8988 8771 
2 6456 4246 
2 8042 5304 
2 3407 3846 
2 9698 6967 
4 9914 5398 9059 3586 
2 1281 959 
2 6418 3585 
2 4941 7730 
2 5102 1547 
2 7270 7098 
2 958 983 
2 9194 1582 
2 1769 5260 
2 2433 1841 
2 6279 3053 
2 3873 3189 
4 6447 9551 9156 8406 
4 7307 8049 3074 5874 
4 6647 5480 89 54 
4 6712 5910 255 5282 
2 9825 1374 
2 1703 9822 
2 4923 6711 
4 6227 6375 4144 1177 
4 9164 9024 601 5510 
2 7269 833 
2 3424 1824 
4 5199 6417 4196 8880 
2 9055 574 
4 8716 6841 9171 8420 
2 7020 677 
4 378 7665 2818 1346 
2 6538 3784 
2 2537 3133 
2 216 2104 
4 9623 8190 6254 5399 
4 2936 4738 5783 8022 
2 1808 806 
2 5483 2035 
4 8311 9981 1171 508 
4 1835 8012 329 8584 
4 7011 964 6416 3186 
4 2504 6714 1212 7333 
2 2477 4132 
2 8281 7405 
4 1804 9321 6519 4002 
4 4628 2657 256 9240 
2 3043 4379 
4 7921 9663 6163 8924 
2 7067 5286 
2 8360 6136 
4 2961 4018 5192 7441 
2 7644 6850 
2 7637 2745 
2 5377 3754 
4 5640 4048 826 194 
2 4130 1732 
2 1058 7732 
2 5983 1273 
4 3821 1006 6776 3619 
2 6303 1265 
4 2039 6686 9423 5809 
4 8694 224 8581 8604 
2 4120 7139 
4 5725 3827 7342 7061 
2 2885 3210 
2 6031 3208 
4 2689 7712 1658 3070 
2 3554 1490 
2 4236 8635 
2 8249 8034 
2 6376 6821 
2 7780 5938 
2 616 7882 
4 6971 381 7263 9291 
2 6788 7229 
2 2248 1060 
4 274 6337 9327 7992 
2 5747 1986 
2 7285 2372 
2 9046 9990 
4 7337 3227 8158 2878 
4 5569 5696 682 9229 
2 4987 7167 
4 8972 733 2272 2012 
2 8574 2051 
2 5064 9717 
2 7822 8796 
2 6521 837 
2 6054 2706 
4 1848 803 2406 7372 
2 573 3247 
2 741 3777 
2 5718 9793 
2 9216 9233 
2 5978 1460 
2 4770 795 
4 7829 5410 509 319 
4 1873 499 2797 3090 
4 2839 7925 3716 8128 
2 7341 8992 
2 7546 6958 
4 9954 4789 1495 9259 
2 4272 9860 
2 8112 5859 
2 4261 2890 
2 2988 9465 
4 1370 7513 5068 5188 
4 5504 517 7799 4806 
4 2154 2847 6697 1478 
2 3440 5018 
2 9646 5247 
2 9498 6654 
2 8046 1619 
2 6539 526 
2 3307 9521 
2 2904 8497 
4 7982 6265 3637 4709 
4 6259 106 2812 8758 
2 7045 2866 
4 1553 2271 2239 4732 
2 831 4252 
2 2938 3534 
2 4698 8494 
4 6746 1158 5573 2426 
4 4438 6923 4581 2108 
2 4251 6293 
2 7520 7639 
2 5818 9070 
2 2450 4769 
2 3528 130 
4 9239 6212 1190 5816 
2 4180 3249 
